<?xml version="1.0" encoding="UTF-8"?>
<!-- Generated by org.testng.reporters.JUnitReportReporter -->
<testsuite skipped="0" hostname="LAPTOP-9K153T17" name="tests.test1" tests="1" failures="0" timestamp="04 Nov 2018 17:50:14 GMT" time="0.380" errors="0">
  <testcase name="tc01" time="0.380" classname="tests.test1"/>
</testsuite> <!-- tests.test1 -->
