<?xml version="1.0" encoding="UTF-8"?>
<!-- Generated by org.testng.reporters.JUnitReportReporter -->
<testsuite skipped="1" hostname="LAPTOP-9K153T17" name="tests.Cdepart" tests="2" failures="0" timestamp="18 Nov 2018 17:26:05 GMT" time="0.633" errors="0">
  <testcase name="tc04a" time="0.633" classname="tests.Cdepart"/>
  <testcase name="tc04b" classname="tests.Cdepart">
    <skipped/>
  </testcase> <!-- tc04b -->
</testsuite> <!-- tests.Cdepart -->
