<?xml version="1.0" encoding="UTF-8"?>
<!-- Generated by org.testng.reporters.JUnitReportReporter -->
<testsuite skipped="0" hostname="LAPTOP-9K153T17" name="tests.tests" tests="2" failures="0" timestamp="06 Nov 2018 04:21:39 GMT" time="0.441" errors="0">
  <testcase name="tc02" time="0.041" classname="tests.tests"/>
  <testcase name="tc01" time="0.400" classname="tests.tests"/>
</testsuite> <!-- tests.tests -->
