<?xml version="1.0" encoding="UTF-8"?>
<!-- Generated by org.testng.reporters.JUnitReportReporter -->
<testsuite skipped="0" hostname="LAPTOP-9K153T17" name="tests.Ageneral" tests="1" failures="0" timestamp="06 Nov 2018 04:55:22 GMT" time="0.616" errors="0">
  <testcase name="tc01" time="0.616" classname="tests.Ageneral"/>
</testsuite> <!-- tests.Ageneral -->
