<?xml version="1.0" encoding="UTF-8"?>
<!-- Generated by org.testng.reporters.JUnitReportReporter -->
<testsuite skipped="0" hostname="LAPTOP-9K153T17" name="tests.Cdepart" tests="2" failures="0" timestamp="10 Nov 2018 06:15:34 GMT" time="1.419" errors="0">
  <testcase name="tc04b" time="0.606" classname="tests.Cdepart"/>
  <testcase name="tc04a" time="0.813" classname="tests.Cdepart"/>
</testsuite> <!-- tests.Cdepart -->
