<?xml version="1.0" encoding="UTF-8"?>
<!-- Generated by org.testng.reporters.JUnitReportReporter -->
<testsuite skipped="0" hostname="LAPTOP-9K153T17" name="tests.Ageneral" tests="1" failures="0" timestamp="28 Dec 2018 04:28:47 GMT" time="0.519" errors="0">
  <testcase name="tc01" time="0.519" classname="tests.Ageneral"/>
</testsuite> <!-- tests.Ageneral -->
