<?xml version="1.0" encoding="UTF-8"?>
<!-- Generated by org.testng.reporters.JUnitReportReporter -->
<testsuite skipped="1" hostname="LAPTOP-9K153T17" name="tests.Cdepart" tests="2" failures="0" timestamp="11 Nov 2018 15:57:01 GMT" time="0.417" errors="0">
  <testcase name="tc04b" time="0.417" classname="tests.Cdepart"/>
  <testcase name="tc04a" classname="tests.Cdepart">
    <skipped/>
  </testcase> <!-- tc04a -->
</testsuite> <!-- tests.Cdepart -->
