<?xml version="1.0" encoding="UTF-8"?>
<!-- Generated by org.testng.reporters.JUnitReportReporter -->
<testsuite skipped="0" hostname="LAPTOP-9K153T17" name="base.config" tests="1" failures="0" timestamp="04 Nov 2018 16:14:03 GMT" time="29.580" errors="0">
  <testcase name="initialbrowsers" time="29.580" classname="base.config"/>
</testsuite> <!-- base.config -->
